geekman-python-eeml-a7d2949/
geekman-python-eeml-a7d2949/.gitignore
geekman-python-eeml-a7d2949/AUTHORS
geekman-python-eeml-a7d2949/LICENSE
geekman-python-eeml-a7d2949/README.rst
geekman-python-eeml-a7d2949/eeml/
geekman-python-eeml-a7d2949/eeml/__init__.py
geekman-python-eeml-a7d2949/eeml/datastream.py
geekman-python-eeml-a7d2949/epydoc.conf
geekman-python-eeml-a7d2949/example/
geekman-python-eeml-a7d2949/example/read_serial.py
geekman-python-eeml-a7d2949/example/simple_example.py
geekman-python-eeml-a7d2949/setup.py
geekman-python-eeml-a7d2949/test/
geekman-python-eeml-a7d2949/test/eemltest.py
geekman-python-eeml-a7d2949/test/pachube.py
geekman-python-eeml-a7d2949/
geekman-python-eeml-a7d2949/.gitignore
geekman-python-eeml-a7d2949/AUTHORS
geekman-python-eeml-a7d2949/LICENSE
geekman-python-eeml-a7d2949/README.rst
geekman-python-eeml-a7d2949/eeml/
geekman-python-eeml-a7d2949/eeml/__init__.py
geekman-python-eeml-a7d2949/eeml/datastream.py
geekman-python-eeml-a7d2949/epydoc.conf
geekman-python-eeml-a7d2949/example/
geekman-python-eeml-a7d2949/example/read_serial.py
geekman-python-eeml-a7d2949/example/simple_example.py
geekman-python-eeml-a7d2949/setup.py
geekman-python-eeml-a7d2949/test/
geekman-python-eeml-a7d2949/test/eemltest.py
geekman-python-eeml-a7d2949/test/pachube.py
geekman-python-eeml-a7d2949/
geekman-python-eeml-a7d2949/.gitignore
geekman-python-eeml-a7d2949/AUTHORS
geekman-python-eeml-a7d2949/LICENSE
geekman-python-eeml-a7d2949/README.rst
geekman-python-eeml-a7d2949/eeml/
geekman-python-eeml-a7d2949/eeml/__init__.py
geekman-python-eeml-a7d2949/eeml/datastream.py
geekman-python-eeml-a7d2949/epydoc.conf
geekman-python-eeml-a7d2949/example/
geekman-python-eeml-a7d2949/example/read_serial.py
geekman-python-eeml-a7d2949/example/simple_example.py
geekman-python-eeml-a7d2949/setup.py
geekman-python-eeml-a7d2949/test/
geekman-python-eeml-a7d2949/test/eemltest.py
geekman-python-eeml-a7d2949/test/pachube.py
geekman-python-eeml-a7d2949/
geekman-python-eeml-a7d2949/.gitignore
geekman-python-eeml-a7d2949/AUTHORS
geekman-python-eeml-a7d2949/LICENSE
geekman-python-eeml-a7d2949/README.rst
geekman-python-eeml-a7d2949/eeml/
geekman-python-eeml-a7d2949/eeml/__init__.py
geekman-python-eeml-a7d2949/eeml/datastream.py
geekman-python-eeml-a7d2949/epydoc.conf
geekman-python-eeml-a7d2949/example/
geekman-python-eeml-a7d2949/example/read_serial.py
geekman-python-eeml-a7d2949/example/simple_example.py
geekman-python-eeml-a7d2949/setup.py
geekman-python-eeml-a7d2949/test/
geekman-python-eeml-a7d2949/test/eemltest.py
geekman-python-eeml-a7d2949/test/pachube.py
geekman-python-eeml-a7d2949/
geekman-python-eeml-a7d2949/.gitignore
geekman-python-eeml-a7d2949/AUTHORS
geekman-python-eeml-a7d2949/LICENSE
geekman-python-eeml-a7d2949/README.rst
geekman-python-eeml-a7d2949/eeml/
geekman-python-eeml-a7d2949/eeml/__init__.py
geekman-python-eeml-a7d2949/eeml/datastream.py
geekman-python-eeml-a7d2949/epydoc.conf
geekman-python-eeml-a7d2949/example/
geekman-python-eeml-a7d2949/example/read_serial.py
geekman-python-eeml-a7d2949/example/simple_example.py
geekman-python-eeml-a7d2949/setup.py
geekman-python-eeml-a7d2949/test/
geekman-python-eeml-a7d2949/test/eemltest.py
geekman-python-eeml-a7d2949/test/pachube.py
geekman-python-eeml-a7d2949/
geekman-python-eeml-a7d2949/.gitignore
geekman-python-eeml-a7d2949/AUTHORS
geekman-python-eeml-a7d2949/LICENSE
geekman-python-eeml-a7d2949/README.rst
geekman-python-eeml-a7d2949/eeml/
geekman-python-eeml-a7d2949/eeml/__init__.py
geekman-python-eeml-a7d2949/eeml/datastream.py
geekman-python-eeml-a7d2949/epydoc.conf
geekman-python-eeml-a7d2949/example/
geekman-python-eeml-a7d2949/example/read_serial.py
geekman-python-eeml-a7d2949/example/simple_example.py
geekman-python-eeml-a7d2949/setup.py
geekman-python-eeml-a7d2949/test/
geekman-python-eeml-a7d2949/test/eemltest.py
geekman-python-eeml-a7d2949/test/pachube.py
